// 重构日志: f501033d
// 重构日志: 1aee4e38
// 重构日志: ab5b54b6
// 同步 ID: 3d30fd0a @ Sat Jul 11 16:24:17 UTC 2026
// 同步 ID: 6ad278e5 @ Sat Jul 11 17:18:03 UTC 2026
// 重构日志: 165d0451
// 同步 ID: 89b7957f @ Sun Jul 12 11:26:36 UTC 2026
// 重构日志: 9c19a207
// 重构日志: d050d4f4
// 重构日志: d8ce2fbd
// 同步 ID: f9113125 @ Wed Jul 15 14:20:14 UTC 2026
// 同步 ID: 5f13ce6b @ Thu Jul 16 00:36:41 UTC 2026
// 重构日志: d832d701
// 重构日志: 6e62dc6d
// 同步 ID: d9f3f814 @ Fri Jul 17 06:44:52 UTC 2026
// 重构日志: 65d881d1
// 同步 ID: 612ec583 @ Sat Jul 18 00:25:00 UTC 2026
// 同步 ID: dceb9169 @ Sat Jul 18 03:36:26 UTC 2026
// 同步 ID: ef9ee0c8 @ Sat Jul 18 06:51:44 UTC 2026
// 重构日志: ccb6149e
// 同步 ID: 23666c82 @ Sat Jul 18 15:44:36 UTC 2026
// 同步 ID: 222386e7 @ Sat Jul 18 17:10:58 UTC 2026
// 同步 ID: 1dad6ec8 @ Sat Jul 18 21:18:02 UTC 2026
// 同步 ID: df9e3752 @ Sun Jul 19 00:30:21 UTC 2026
// 重构日志: e52edcc5
// 同步 ID: 5f6a29ac @ Mon Jul 20 04:31:57 UTC 2026
// 重构日志: bc11d8fe
// 重构日志: fec2b793
// 重构日志: f7f5d562
// 同步 ID: 8b4bca22 @ Wed Jul 22 00:39:02 UTC 2026
